

Microchip MPLAB XC8 Assembler V2.40 build 20220703182018 
                                                                                               Thu Feb 01 19:58:04 2024

Microchip MPLAB XC8 C Compiler v2.40 (Free license) build 20220703182018 Og1 
     1                           	processor	18F4550
     2                           	fnconf	rparam,??,?,0
     3                           	pagewidth 120
     4                           	opt	flic
     5                           	psect	cinit,global,reloc=2,class=CODE,delta=1
     6                           	psect	cstackCOMRAM,global,class=COMRAM,space=1,delta=1,lowdata,noexec
     7                           	psect	text0,global,reloc=2,class=CODE,delta=1
     8                           	psect	intsave_regs,global,class=BIGRAM,space=1,delta=1,noexec
     9                           	psect	rparam,global,class=COMRAM,space=1,delta=1,noexec
    10                           	psect	idloc,global,abs,ovrld,class=IDLOC,space=5,delta=1,noexec
    11                           	psect	config,global,abs,ovrld,class=CONFIG,space=4,delta=1,noexec
    12   000000                     
    13                           ; Version 2.40
    14                           ; Generated 17/11/2021 GMT
    15                           ; 
    16                           ; Copyright © 2021, Microchip Technology Inc. and its subsidiaries ("Microchip")
    17                           ; All rights reserved.
    18                           ; 
    19                           ; This software is developed by Microchip Technology Inc. and its subsidiaries ("Microch
      +                          ip").
    20                           ; 
    21                           ; Redistribution and use in source and binary forms, with or without modification, are
    22                           ; permitted provided that the following conditions are met:
    23                           ; 
    24                           ;     1. Redistributions of source code must retain the above copyright notice, this lis
      +                          t of
    25                           ;        conditions and the following disclaimer.
    26                           ; 
    27                           ;     2. Redistributions in binary form must reproduce the above copyright notice, this 
      +                          list
    28                           ;        of conditions and the following disclaimer in the documentation and/or other
    29                           ;        materials provided with the distribution. Publication is not required when
    30                           ;        this file is used in an embedded application.
    31                           ; 
    32                           ;     3. Microchip's name may not be used to endorse or promote products derived from th
      +                          is
    33                           ;        software without specific prior written permission.
    34                           ; 
    35                           ; THIS SOFTWARE IS PROVIDED BY MICROCHIP "AS IS" AND ANY EXPRESS OR IMPLIED WARRANTIES,
    36                           ; INCLUDING, BUT NOT LIMITED TO, THE IMPLIED WARRANTIES OF MERCHANTABILITY AND FITNESS F
      +                          OR
    37                           ; PURPOSE ARE DISCLAIMED.  IN NO EVENT SHALL MICROCHIP BE LIABLE FOR ANY DIRECT, INDIREC
      +                          T,
    38                           ; INCIDENTAL, SPECIAL, EXEMPLARY, OR CONSEQUENTIAL DAMAGES (INCLUDING BUT NOT LIMITED TO
    39                           ; PROCUREMENT OF SUBSTITUTE GOODS OR SERVICES; LOSS OF USE, DATA OR PROFITS; OR BUSINESS
    40                           ; INTERRUPTION) HOWSOEVER CAUSED AND ON ANY THEORY OF LIABILITY, WHETHER IN CONTRACT, ST
      +                          RICT
    41                           ; LIABILITY, OR TORT (INCLUDING NEGLIGENCE OR OTHERWISE) ARISING IN ANY WAY OUT OF THE U
      +                          SE OF
    42                           ; THIS SOFTWARE, EVEN IF ADVISED OF THE POSSIBILITY OF SUCH DAMAGE.
    43                           ; 
    44                           ; 
    45                           ; Code-generator required, PIC18F4550 Definitions
    46                           ; 
    47                           ; SFR Addresses
    48   000000                     _LATBbits	set	3978
    49   000000                     _TRISB	set	3987
    50   000000                     _ADCON1	set	4033
    51                           
    52                           ; #config settings
    53                           
    54                           	psect	cinit
    55   007DC6                     __pcinit:
    56                           	callstack 0
    57   007DC6                     start_initialization:
    58                           	callstack 0
    59   007DC6                     __initialization:
    60                           	callstack 0
    61   007DC6                     end_of_initialization:
    62                           	callstack 0
    63   007DC6                     __end_of__initialization:
    64                           	callstack 0
    65   007DC6  0100               	movlb	0
    66   007DC8  EFE6  F03E         	goto	_main	;jump to C main() function
    67                           
    68                           	psect	cstackCOMRAM
    69   000001                     __pcstackCOMRAM:
    70                           	callstack 0
    71   000001                     ??_main:
    72                           
    73                           ; 1 bytes @ 0x0
    74   000001                     	ds	2
    75                           
    76 ;;
    77 ;;Main: autosize = 0, tempsize = 2, incstack = 0, save=0
    78 ;;
    79 ;; *************** function _main *****************
    80 ;; Defined at:
    81 ;;		line 14 in file "main.c"
    82 ;; Parameters:    Size  Location     Type
    83 ;;		None
    84 ;; Auto vars:     Size  Location     Type
    85 ;;		None
    86 ;; Return value:  Size  Location     Type
    87 ;;                  1    wreg      void 
    88 ;; Registers used:
    89 ;;		wreg, status,2
    90 ;; Tracked objects:
    91 ;;		On entry : 0/0
    92 ;;		On exit  : 0/0
    93 ;;		Unchanged: 0/0
    94 ;; Data sizes:     COMRAM   BANK0   BANK1   BANK2   BANK3   BANK4   BANK5   BANK6   BANK7
    95 ;;      Params:         0       0       0       0       0       0       0       0       0
    96 ;;      Locals:         0       0       0       0       0       0       0       0       0
    97 ;;      Temps:          2       0       0       0       0       0       0       0       0
    98 ;;      Totals:         2       0       0       0       0       0       0       0       0
    99 ;;Total ram usage:        2 bytes
   100 ;; This function calls:
   101 ;;		Nothing
   102 ;; This function is called by:
   103 ;;		Startup code after reset
   104 ;; This function uses a non-reentrant model
   105 ;;
   106                           
   107                           	psect	text0
   108   007DCC                     __ptext0:
   109                           	callstack 0
   110   007DCC                     _main:
   111                           	callstack 31
   112   007DCC                     
   113                           ;main.c: 15:     ADCON1 = 0x0F;
   114   007DCC  0E0F               	movlw	15
   115   007DCE  6EC1               	movwf	193,c	;volatile
   116                           
   117                           ;main.c: 17:     TRISB= 0;
   118   007DD0  0E00               	movlw	0
   119   007DD2  6E93               	movwf	147,c	;volatile
   120   007DD4                     l694:
   121                           
   122                           ;main.c: 19:          LATBbits.LB0 = 1;
   123   007DD4  808A               	bsf	138,0,c	;volatile
   124   007DD6                     
   125                           ;main.c: 20:         _delay((unsigned long)((200)*(20000000/4000.0)));
   126   007DD6  0E06               	movlw	6
   127   007DD8  6E02               	movwf	(??_main+1)^0,c
   128   007DDA  0E13               	movlw	19
   129   007DDC  6E01               	movwf	??_main^0,c
   130   007DDE  0EAE               	movlw	174
   131   007DE0                     u17:
   132   007DE0  2EE8               	decfsz	wreg,f,c
   133   007DE2  D7FE               	bra	u17
   134   007DE4  2E01               	decfsz	??_main^0,f,c
   135   007DE6  D7FC               	bra	u17
   136   007DE8  2E02               	decfsz	(??_main+1)^0,f,c
   137   007DEA  D7FA               	bra	u17
   138   007DEC                     
   139                           ;main.c: 21:          LATBbits.LB1 = 1;
   140   007DEC  828A               	bsf	138,1,c	;volatile
   141   007DEE                     
   142                           ;main.c: 22:         _delay((unsigned long)((200)*(20000000/4000.0)));
   143   007DEE  0E06               	movlw	6
   144   007DF0  6E02               	movwf	(??_main+1)^0,c
   145   007DF2  0E13               	movlw	19
   146   007DF4  6E01               	movwf	??_main^0,c
   147   007DF6  0EAE               	movlw	174
   148   007DF8                     u27:
   149   007DF8  2EE8               	decfsz	wreg,f,c
   150   007DFA  D7FE               	bra	u27
   151   007DFC  2E01               	decfsz	??_main^0,f,c
   152   007DFE  D7FC               	bra	u27
   153   007E00  2E02               	decfsz	(??_main+1)^0,f,c
   154   007E02  D7FA               	bra	u27
   155   007E04                     
   156                           ;main.c: 23:          LATBbits.LB2 = 1;
   157   007E04  848A               	bsf	138,2,c	;volatile
   158   007E06                     
   159                           ;main.c: 24:         _delay((unsigned long)((200)*(20000000/4000.0)));
   160   007E06  0E06               	movlw	6
   161   007E08  6E02               	movwf	(??_main+1)^0,c
   162   007E0A  0E13               	movlw	19
   163   007E0C  6E01               	movwf	??_main^0,c
   164   007E0E  0EAE               	movlw	174
   165   007E10                     u37:
   166   007E10  2EE8               	decfsz	wreg,f,c
   167   007E12  D7FE               	bra	u37
   168   007E14  2E01               	decfsz	??_main^0,f,c
   169   007E16  D7FC               	bra	u37
   170   007E18  2E02               	decfsz	(??_main+1)^0,f,c
   171   007E1A  D7FA               	bra	u37
   172   007E1C                     
   173                           ;main.c: 25:          LATBbits.LB0 = 0;
   174   007E1C  908A               	bcf	138,0,c	;volatile
   175   007E1E                     
   176                           ;main.c: 26:          LATBbits.LB3 = 1;
   177   007E1E  868A               	bsf	138,3,c	;volatile
   178   007E20                     
   179                           ;main.c: 27:         _delay((unsigned long)((200)*(20000000/4000.0)));
   180   007E20  0E06               	movlw	6
   181   007E22  6E02               	movwf	(??_main+1)^0,c
   182   007E24  0E13               	movlw	19
   183   007E26  6E01               	movwf	??_main^0,c
   184   007E28  0EAE               	movlw	174
   185   007E2A                     u47:
   186   007E2A  2EE8               	decfsz	wreg,f,c
   187   007E2C  D7FE               	bra	u47
   188   007E2E  2E01               	decfsz	??_main^0,f,c
   189   007E30  D7FC               	bra	u47
   190   007E32  2E02               	decfsz	(??_main+1)^0,f,c
   191   007E34  D7FA               	bra	u47
   192   007E36                     
   193                           ;main.c: 28:          LATBbits.LB1 = 0;
   194   007E36  928A               	bcf	138,1,c	;volatile
   195   007E38                     
   196                           ;main.c: 29:          LATBbits.LB4 = 1;
   197   007E38  888A               	bsf	138,4,c	;volatile
   198   007E3A                     
   199                           ;main.c: 30:         _delay((unsigned long)((200)*(20000000/4000.0)));
   200   007E3A  0E06               	movlw	6
   201   007E3C  6E02               	movwf	(??_main+1)^0,c
   202   007E3E  0E13               	movlw	19
   203   007E40  6E01               	movwf	??_main^0,c
   204   007E42  0EAE               	movlw	174
   205   007E44                     u57:
   206   007E44  2EE8               	decfsz	wreg,f,c
   207   007E46  D7FE               	bra	u57
   208   007E48  2E01               	decfsz	??_main^0,f,c
   209   007E4A  D7FC               	bra	u57
   210   007E4C  2E02               	decfsz	(??_main+1)^0,f,c
   211   007E4E  D7FA               	bra	u57
   212   007E50                     
   213                           ;main.c: 31:          LATBbits.LB2 = 0;
   214   007E50  948A               	bcf	138,2,c	;volatile
   215   007E52                     
   216                           ;main.c: 32:          LATBbits.LB5 = 1;
   217   007E52  8A8A               	bsf	138,5,c	;volatile
   218   007E54                     
   219                           ;main.c: 33:         _delay((unsigned long)((200)*(20000000/4000.0)));
   220   007E54  0E06               	movlw	6
   221   007E56  6E02               	movwf	(??_main+1)^0,c
   222   007E58  0E13               	movlw	19
   223   007E5A  6E01               	movwf	??_main^0,c
   224   007E5C  0EAE               	movlw	174
   225   007E5E                     u67:
   226   007E5E  2EE8               	decfsz	wreg,f,c
   227   007E60  D7FE               	bra	u67
   228   007E62  2E01               	decfsz	??_main^0,f,c
   229   007E64  D7FC               	bra	u67
   230   007E66  2E02               	decfsz	(??_main+1)^0,f,c
   231   007E68  D7FA               	bra	u67
   232   007E6A                     
   233                           ;main.c: 34:          LATBbits.LB3 = 0;
   234   007E6A  968A               	bcf	138,3,c	;volatile
   235   007E6C                     
   236                           ;main.c: 35:          LATBbits.LB6 = 1;
   237   007E6C  8C8A               	bsf	138,6,c	;volatile
   238   007E6E                     
   239                           ;main.c: 36:         _delay((unsigned long)((200)*(20000000/4000.0)));
   240   007E6E  0E06               	movlw	6
   241   007E70  6E02               	movwf	(??_main+1)^0,c
   242   007E72  0E13               	movlw	19
   243   007E74  6E01               	movwf	??_main^0,c
   244   007E76  0EAE               	movlw	174
   245   007E78                     u77:
   246   007E78  2EE8               	decfsz	wreg,f,c
   247   007E7A  D7FE               	bra	u77
   248   007E7C  2E01               	decfsz	??_main^0,f,c
   249   007E7E  D7FC               	bra	u77
   250   007E80  2E02               	decfsz	(??_main+1)^0,f,c
   251   007E82  D7FA               	bra	u77
   252   007E84                     
   253                           ;main.c: 37:          LATBbits.LB4 = 0;
   254   007E84  988A               	bcf	138,4,c	;volatile
   255   007E86                     
   256                           ;main.c: 38:          LATBbits.LB7 = 1;
   257   007E86  8E8A               	bsf	138,7,c	;volatile
   258   007E88                     
   259                           ;main.c: 39:         _delay((unsigned long)((200)*(20000000/4000.0)));
   260   007E88  0E06               	movlw	6
   261   007E8A  6E02               	movwf	(??_main+1)^0,c
   262   007E8C  0E13               	movlw	19
   263   007E8E  6E01               	movwf	??_main^0,c
   264   007E90  0EAE               	movlw	174
   265   007E92                     u87:
   266   007E92  2EE8               	decfsz	wreg,f,c
   267   007E94  D7FE               	bra	u87
   268   007E96  2E01               	decfsz	??_main^0,f,c
   269   007E98  D7FC               	bra	u87
   270   007E9A  2E02               	decfsz	(??_main+1)^0,f,c
   271   007E9C  D7FA               	bra	u87
   272   007E9E                     
   273                           ;main.c: 40:          LATBbits.LB5 = 0;
   274   007E9E  9A8A               	bcf	138,5,c	;volatile
   275   007EA0                     
   276                           ;main.c: 41:         _delay((unsigned long)((200)*(20000000/4000.0)));
   277   007EA0  0E06               	movlw	6
   278   007EA2  6E02               	movwf	(??_main+1)^0,c
   279   007EA4  0E13               	movlw	19
   280   007EA6  6E01               	movwf	??_main^0,c
   281   007EA8  0EAE               	movlw	174
   282   007EAA                     u97:
   283   007EAA  2EE8               	decfsz	wreg,f,c
   284   007EAC  D7FE               	bra	u97
   285   007EAE  2E01               	decfsz	??_main^0,f,c
   286   007EB0  D7FC               	bra	u97
   287   007EB2  2E02               	decfsz	(??_main+1)^0,f,c
   288   007EB4  D7FA               	bra	u97
   289   007EB6                     
   290                           ;main.c: 42:          LATBbits.LB6 = 0;
   291   007EB6  9C8A               	bcf	138,6,c	;volatile
   292   007EB8                     
   293                           ;main.c: 43:         _delay((unsigned long)((200)*(20000000/4000.0)));
   294   007EB8  0E06               	movlw	6
   295   007EBA  6E02               	movwf	(??_main+1)^0,c
   296   007EBC  0E13               	movlw	19
   297   007EBE  6E01               	movwf	??_main^0,c
   298   007EC0  0EAE               	movlw	174
   299   007EC2                     u107:
   300   007EC2  2EE8               	decfsz	wreg,f,c
   301   007EC4  D7FE               	bra	u107
   302   007EC6  2E01               	decfsz	??_main^0,f,c
   303   007EC8  D7FC               	bra	u107
   304   007ECA  2E02               	decfsz	(??_main+1)^0,f,c
   305   007ECC  D7FA               	bra	u107
   306   007ECE                     
   307                           ;main.c: 44:          LATBbits.LB7 = 0;
   308   007ECE  9E8A               	bcf	138,7,c	;volatile
   309   007ED0                     
   310                           ;main.c: 45:         _delay((unsigned long)((200)*(20000000/4000.0)));
   311   007ED0  0E06               	movlw	6
   312   007ED2  6E02               	movwf	(??_main+1)^0,c
   313   007ED4  0E13               	movlw	19
   314   007ED6  6E01               	movwf	??_main^0,c
   315   007ED8  0EAE               	movlw	174
   316   007EDA                     u117:
   317   007EDA  2EE8               	decfsz	wreg,f,c
   318   007EDC  D7FE               	bra	u117
   319   007EDE  2E01               	decfsz	??_main^0,f,c
   320   007EE0  D7FC               	bra	u117
   321   007EE2  2E02               	decfsz	(??_main+1)^0,f,c
   322   007EE4  D7FA               	bra	u117
   323   007EE6                     
   324                           ;main.c: 46:          LATBbits.LB7 = 1;
   325   007EE6  8E8A               	bsf	138,7,c	;volatile
   326   007EE8                     
   327                           ;main.c: 47:         _delay((unsigned long)((200)*(20000000/4000.0)));
   328   007EE8  0E06               	movlw	6
   329   007EEA  6E02               	movwf	(??_main+1)^0,c
   330   007EEC  0E13               	movlw	19
   331   007EEE  6E01               	movwf	??_main^0,c
   332   007EF0  0EAE               	movlw	174
   333   007EF2                     u127:
   334   007EF2  2EE8               	decfsz	wreg,f,c
   335   007EF4  D7FE               	bra	u127
   336   007EF6  2E01               	decfsz	??_main^0,f,c
   337   007EF8  D7FC               	bra	u127
   338   007EFA  2E02               	decfsz	(??_main+1)^0,f,c
   339   007EFC  D7FA               	bra	u127
   340   007EFE                     
   341                           ;main.c: 48:          LATBbits.LB6 = 1;
   342   007EFE  8C8A               	bsf	138,6,c	;volatile
   343   007F00                     
   344                           ;main.c: 49:         _delay((unsigned long)((200)*(20000000/4000.0)));
   345   007F00  0E06               	movlw	6
   346   007F02  6E02               	movwf	(??_main+1)^0,c
   347   007F04  0E13               	movlw	19
   348   007F06  6E01               	movwf	??_main^0,c
   349   007F08  0EAE               	movlw	174
   350   007F0A                     u137:
   351   007F0A  2EE8               	decfsz	wreg,f,c
   352   007F0C  D7FE               	bra	u137
   353   007F0E  2E01               	decfsz	??_main^0,f,c
   354   007F10  D7FC               	bra	u137
   355   007F12  2E02               	decfsz	(??_main+1)^0,f,c
   356   007F14  D7FA               	bra	u137
   357   007F16                     
   358                           ;main.c: 50:          LATBbits.LB5 = 1;
   359   007F16  8A8A               	bsf	138,5,c	;volatile
   360   007F18                     
   361                           ;main.c: 51:         _delay((unsigned long)((200)*(20000000/4000.0)));
   362   007F18  0E06               	movlw	6
   363   007F1A  6E02               	movwf	(??_main+1)^0,c
   364   007F1C  0E13               	movlw	19
   365   007F1E  6E01               	movwf	??_main^0,c
   366   007F20  0EAE               	movlw	174
   367   007F22                     u147:
   368   007F22  2EE8               	decfsz	wreg,f,c
   369   007F24  D7FE               	bra	u147
   370   007F26  2E01               	decfsz	??_main^0,f,c
   371   007F28  D7FC               	bra	u147
   372   007F2A  2E02               	decfsz	(??_main+1)^0,f,c
   373   007F2C  D7FA               	bra	u147
   374   007F2E                     
   375                           ;main.c: 52:          LATBbits.LB7 = 0;
   376   007F2E  9E8A               	bcf	138,7,c	;volatile
   377   007F30                     
   378                           ;main.c: 53:          LATBbits.LB4 = 1;
   379   007F30  888A               	bsf	138,4,c	;volatile
   380   007F32                     
   381                           ;main.c: 54:         _delay((unsigned long)((200)*(20000000/4000.0)));
   382   007F32  0E06               	movlw	6
   383   007F34  6E02               	movwf	(??_main+1)^0,c
   384   007F36  0E13               	movlw	19
   385   007F38  6E01               	movwf	??_main^0,c
   386   007F3A  0EAE               	movlw	174
   387   007F3C                     u157:
   388   007F3C  2EE8               	decfsz	wreg,f,c
   389   007F3E  D7FE               	bra	u157
   390   007F40  2E01               	decfsz	??_main^0,f,c
   391   007F42  D7FC               	bra	u157
   392   007F44  2E02               	decfsz	(??_main+1)^0,f,c
   393   007F46  D7FA               	bra	u157
   394   007F48                     
   395                           ;main.c: 55:          LATBbits.LB6 = 0;
   396   007F48  9C8A               	bcf	138,6,c	;volatile
   397   007F4A                     
   398                           ;main.c: 56:          LATBbits.LB3 = 1;
   399   007F4A  868A               	bsf	138,3,c	;volatile
   400   007F4C                     
   401                           ;main.c: 57:         _delay((unsigned long)((200)*(20000000/4000.0)));
   402   007F4C  0E06               	movlw	6
   403   007F4E  6E02               	movwf	(??_main+1)^0,c
   404   007F50  0E13               	movlw	19
   405   007F52  6E01               	movwf	??_main^0,c
   406   007F54  0EAE               	movlw	174
   407   007F56                     u167:
   408   007F56  2EE8               	decfsz	wreg,f,c
   409   007F58  D7FE               	bra	u167
   410   007F5A  2E01               	decfsz	??_main^0,f,c
   411   007F5C  D7FC               	bra	u167
   412   007F5E  2E02               	decfsz	(??_main+1)^0,f,c
   413   007F60  D7FA               	bra	u167
   414   007F62                     
   415                           ;main.c: 58:          LATBbits.LB5 = 0;
   416   007F62  9A8A               	bcf	138,5,c	;volatile
   417   007F64                     
   418                           ;main.c: 59:          LATBbits.LB2 = 1;
   419   007F64  848A               	bsf	138,2,c	;volatile
   420   007F66                     
   421                           ;main.c: 60:         _delay((unsigned long)((200)*(20000000/4000.0)));
   422   007F66  0E06               	movlw	6
   423   007F68  6E02               	movwf	(??_main+1)^0,c
   424   007F6A  0E13               	movlw	19
   425   007F6C  6E01               	movwf	??_main^0,c
   426   007F6E  0EAE               	movlw	174
   427   007F70                     u177:
   428   007F70  2EE8               	decfsz	wreg,f,c
   429   007F72  D7FE               	bra	u177
   430   007F74  2E01               	decfsz	??_main^0,f,c
   431   007F76  D7FC               	bra	u177
   432   007F78  2E02               	decfsz	(??_main+1)^0,f,c
   433   007F7A  D7FA               	bra	u177
   434   007F7C                     
   435                           ;main.c: 61:          LATBbits.LB4 = 0;
   436   007F7C  988A               	bcf	138,4,c	;volatile
   437   007F7E                     
   438                           ;main.c: 62:          LATBbits.LB1 = 1;
   439   007F7E  828A               	bsf	138,1,c	;volatile
   440   007F80                     
   441                           ;main.c: 63:         _delay((unsigned long)((200)*(20000000/4000.0)));
   442   007F80  0E06               	movlw	6
   443   007F82  6E02               	movwf	(??_main+1)^0,c
   444   007F84  0E13               	movlw	19
   445   007F86  6E01               	movwf	??_main^0,c
   446   007F88  0EAE               	movlw	174
   447   007F8A                     u187:
   448   007F8A  2EE8               	decfsz	wreg,f,c
   449   007F8C  D7FE               	bra	u187
   450   007F8E  2E01               	decfsz	??_main^0,f,c
   451   007F90  D7FC               	bra	u187
   452   007F92  2E02               	decfsz	(??_main+1)^0,f,c
   453   007F94  D7FA               	bra	u187
   454   007F96                     
   455                           ;main.c: 64:          LATBbits.LB3 = 0;
   456   007F96  968A               	bcf	138,3,c	;volatile
   457   007F98                     
   458                           ;main.c: 65:          LATBbits.LB0 = 1;
   459   007F98  808A               	bsf	138,0,c	;volatile
   460   007F9A                     
   461                           ;main.c: 66:         _delay((unsigned long)((200)*(20000000/4000.0)));
   462   007F9A  0E06               	movlw	6
   463   007F9C  6E02               	movwf	(??_main+1)^0,c
   464   007F9E  0E13               	movlw	19
   465   007FA0  6E01               	movwf	??_main^0,c
   466   007FA2  0EAE               	movlw	174
   467   007FA4                     u197:
   468   007FA4  2EE8               	decfsz	wreg,f,c
   469   007FA6  D7FE               	bra	u197
   470   007FA8  2E01               	decfsz	??_main^0,f,c
   471   007FAA  D7FC               	bra	u197
   472   007FAC  2E02               	decfsz	(??_main+1)^0,f,c
   473   007FAE  D7FA               	bra	u197
   474   007FB0                     
   475                           ;main.c: 67:          LATBbits.LB2 = 0;
   476   007FB0  948A               	bcf	138,2,c	;volatile
   477   007FB2                     
   478                           ;main.c: 68:         _delay((unsigned long)((200)*(20000000/4000.0)));
   479   007FB2  0E06               	movlw	6
   480   007FB4  6E02               	movwf	(??_main+1)^0,c
   481   007FB6  0E13               	movlw	19
   482   007FB8  6E01               	movwf	??_main^0,c
   483   007FBA  0EAE               	movlw	174
   484   007FBC                     u207:
   485   007FBC  2EE8               	decfsz	wreg,f,c
   486   007FBE  D7FE               	bra	u207
   487   007FC0  2E01               	decfsz	??_main^0,f,c
   488   007FC2  D7FC               	bra	u207
   489   007FC4  2E02               	decfsz	(??_main+1)^0,f,c
   490   007FC6  D7FA               	bra	u207
   491   007FC8                     
   492                           ;main.c: 69:          LATBbits.LB1 = 0;
   493   007FC8  928A               	bcf	138,1,c	;volatile
   494   007FCA                     
   495                           ;main.c: 70:         _delay((unsigned long)((200)*(20000000/4000.0)));
   496   007FCA  0E06               	movlw	6
   497   007FCC  6E02               	movwf	(??_main+1)^0,c
   498   007FCE  0E13               	movlw	19
   499   007FD0  6E01               	movwf	??_main^0,c
   500   007FD2  0EAE               	movlw	174
   501   007FD4                     u217:
   502   007FD4  2EE8               	decfsz	wreg,f,c
   503   007FD6  D7FE               	bra	u217
   504   007FD8  2E01               	decfsz	??_main^0,f,c
   505   007FDA  D7FC               	bra	u217
   506   007FDC  2E02               	decfsz	(??_main+1)^0,f,c
   507   007FDE  D7FA               	bra	u217
   508   007FE0                     
   509                           ;main.c: 71:          LATBbits.LB0 = 0;
   510   007FE0  908A               	bcf	138,0,c	;volatile
   511   007FE2                     
   512                           ;main.c: 72:         _delay((unsigned long)((200)*(20000000/4000.0)));
   513   007FE2  0E06               	movlw	6
   514   007FE4  6E02               	movwf	(??_main+1)^0,c
   515   007FE6  0E13               	movlw	19
   516   007FE8  6E01               	movwf	??_main^0,c
   517   007FEA  0EAE               	movlw	174
   518   007FEC                     u227:
   519   007FEC  2EE8               	decfsz	wreg,f,c
   520   007FEE  D7FE               	bra	u227
   521   007FF0  2E01               	decfsz	??_main^0,f,c
   522   007FF2  D7FC               	bra	u227
   523   007FF4  2E02               	decfsz	(??_main+1)^0,f,c
   524   007FF6  D7FA               	bra	u227
   525   007FF8  EFEA  F03E         	goto	l694
   526   007FFC  EF00  F000         	goto	start
   527   008000                     __end_of_main:
   528                           	callstack 0
   529   000000                     
   530                           	psect	rparam
   531   000000                     
   532                           	psect	idloc
   533                           
   534                           ;Config register IDLOC0 @ 0x200000
   535                           ;	unspecified, using default values
   536   200000                     	org	2097152
   537   200000  FF                 	db	255
   538                           
   539                           ;Config register IDLOC1 @ 0x200001
   540                           ;	unspecified, using default values
   541   200001                     	org	2097153
   542   200001  FF                 	db	255
   543                           
   544                           ;Config register IDLOC2 @ 0x200002
   545                           ;	unspecified, using default values
   546   200002                     	org	2097154
   547   200002  FF                 	db	255
   548                           
   549                           ;Config register IDLOC3 @ 0x200003
   550                           ;	unspecified, using default values
   551   200003                     	org	2097155
   552   200003  FF                 	db	255
   553                           
   554                           ;Config register IDLOC4 @ 0x200004
   555                           ;	unspecified, using default values
   556   200004                     	org	2097156
   557   200004  FF                 	db	255
   558                           
   559                           ;Config register IDLOC5 @ 0x200005
   560                           ;	unspecified, using default values
   561   200005                     	org	2097157
   562   200005  FF                 	db	255
   563                           
   564                           ;Config register IDLOC6 @ 0x200006
   565                           ;	unspecified, using default values
   566   200006                     	org	2097158
   567   200006  FF                 	db	255
   568                           
   569                           ;Config register IDLOC7 @ 0x200007
   570                           ;	unspecified, using default values
   571   200007                     	org	2097159
   572   200007  FF                 	db	255
   573                           
   574                           	psect	config
   575                           
   576                           ;Config register CONFIG1L @ 0x300000
   577                           ;	PLL Prescaler Selection bits
   578                           ;	PLLDIV = 1, No prescale (4 MHz oscillator input drives PLL directly)
   579                           ;	System Clock Postscaler Selection bits
   580                           ;	CPUDIV = OSC1_PLL2, [Primary Oscillator Src: /1][96 MHz PLL Src: /2]
   581                           ;	USB Clock Selection bit (used in Full-Speed USB mode only; UCFG:FSEN = 1)
   582                           ;	USBDIV = 1, USB clock source comes directly from the primary oscillator block with no 
      +                          postscale
   583   300000                     	org	3145728
   584   300000  00                 	db	0
   585                           
   586                           ;Config register CONFIG1H @ 0x300001
   587                           ;	Oscillator Selection bits
   588                           ;	FOSC = HS, HS oscillator (HS)
   589                           ;	Fail-Safe Clock Monitor Enable bit
   590                           ;	FCMEN = OFF, Fail-Safe Clock Monitor disabled
   591                           ;	Internal/External Oscillator Switchover bit
   592                           ;	IESO = OFF, Oscillator Switchover mode disabled
   593   300001                     	org	3145729
   594   300001  0C                 	db	12
   595                           
   596                           ;Config register CONFIG2L @ 0x300002
   597                           ;	Power-up Timer Enable bit
   598                           ;	PWRT = OFF, PWRT disabled
   599                           ;	Brown-out Reset Enable bits
   600                           ;	BOR = ON, Brown-out Reset enabled in hardware only (SBOREN is disabled)
   601                           ;	Brown-out Reset Voltage bits
   602                           ;	BORV = 3, Minimum setting 2.05V
   603                           ;	USB Voltage Regulator Enable bit
   604                           ;	VREGEN = OFF, USB voltage regulator disabled
   605   300002                     	org	3145730
   606   300002  1F                 	db	31
   607                           
   608                           ;Config register CONFIG2H @ 0x300003
   609                           ;	Watchdog Timer Enable bit
   610                           ;	WDT = ON, WDT enabled
   611                           ;	Watchdog Timer Postscale Select bits
   612                           ;	WDTPS = 32768, 1:32768
   613   300003                     	org	3145731
   614   300003  1F                 	db	31
   615                           
   616                           ; Padding undefined space
   617   300004                     	org	3145732
   618   300004  FF                 	db	255
   619                           
   620                           ;Config register CONFIG3H @ 0x300005
   621                           ;	CCP2 MUX bit
   622                           ;	CCP2MX = ON, CCP2 input/output is multiplexed with RC1
   623                           ;	PORTB A/D Enable bit
   624                           ;	PBADEN = ON, PORTB<4:0> pins are configured as analog input channels on Reset
   625                           ;	Low-Power Timer 1 Oscillator Enable bit
   626                           ;	LPT1OSC = OFF, Timer1 configured for higher power operation
   627                           ;	MCLR Pin Enable bit
   628                           ;	MCLRE = ON, MCLR pin enabled; RE3 input pin disabled
   629   300005                     	org	3145733
   630   300005  83                 	db	131
   631                           
   632                           ;Config register CONFIG4L @ 0x300006
   633                           ;	Stack Full/Underflow Reset Enable bit
   634                           ;	STVREN = ON, Stack full/underflow will cause Reset
   635                           ;	Single-Supply ICSP Enable bit
   636                           ;	LVP = ON, Single-Supply ICSP enabled
   637                           ;	Dedicated In-Circuit Debug/Programming Port (ICPORT) Enable bit
   638                           ;	ICPRT = OFF, ICPORT disabled
   639                           ;	Extended Instruction Set Enable bit
   640                           ;	XINST = OFF, Instruction set extension and Indexed Addressing mode disabled (Legacy mo
      +                          de)
   641                           ;	Background Debugger Enable bit
   642                           ;	DEBUG = 0x1, unprogrammed default
   643   300006                     	org	3145734
   644   300006  85                 	db	133
   645                           
   646                           ; Padding undefined space
   647   300007                     	org	3145735
   648   300007  FF                 	db	255
   649                           
   650                           ;Config register CONFIG5L @ 0x300008
   651                           ;	Code Protection bit
   652                           ;	CP0 = OFF, Block 0 (000800-001FFFh) is not code-protected
   653                           ;	Code Protection bit
   654                           ;	CP1 = OFF, Block 1 (002000-003FFFh) is not code-protected
   655                           ;	Code Protection bit
   656                           ;	CP2 = OFF, Block 2 (004000-005FFFh) is not code-protected
   657                           ;	Code Protection bit
   658                           ;	CP3 = OFF, Block 3 (006000-007FFFh) is not code-protected
   659   300008                     	org	3145736
   660   300008  0F                 	db	15
   661                           
   662                           ;Config register CONFIG5H @ 0x300009
   663                           ;	Boot Block Code Protection bit
   664                           ;	CPB = OFF, Boot block (000000-0007FFh) is not code-protected
   665                           ;	Data EEPROM Code Protection bit
   666                           ;	CPD = OFF, Data EEPROM is not code-protected
   667   300009                     	org	3145737
   668   300009  C0                 	db	192
   669                           
   670                           ;Config register CONFIG6L @ 0x30000A
   671                           ;	Write Protection bit
   672                           ;	WRT0 = OFF, Block 0 (000800-001FFFh) is not write-protected
   673                           ;	Write Protection bit
   674                           ;	WRT1 = OFF, Block 1 (002000-003FFFh) is not write-protected
   675                           ;	Write Protection bit
   676                           ;	WRT2 = OFF, Block 2 (004000-005FFFh) is not write-protected
   677                           ;	Write Protection bit
   678                           ;	WRT3 = OFF, Block 3 (006000-007FFFh) is not write-protected
   679   30000A                     	org	3145738
   680   30000A  0F                 	db	15
   681                           
   682                           ;Config register CONFIG6H @ 0x30000B
   683                           ;	Configuration Register Write Protection bit
   684                           ;	WRTC = OFF, Configuration registers (300000-3000FFh) are not write-protected
   685                           ;	Boot Block Write Protection bit
   686                           ;	WRTB = OFF, Boot block (000000-0007FFh) is not write-protected
   687                           ;	Data EEPROM Write Protection bit
   688                           ;	WRTD = OFF, Data EEPROM is not write-protected
   689   30000B                     	org	3145739
   690   30000B  E0                 	db	224
   691                           
   692                           ;Config register CONFIG7L @ 0x30000C
   693                           ;	Table Read Protection bit
   694                           ;	EBTR0 = OFF, Block 0 (000800-001FFFh) is not protected from table reads executed in ot
      +                          her blocks
   695                           ;	Table Read Protection bit
   696                           ;	EBTR1 = OFF, Block 1 (002000-003FFFh) is not protected from table reads executed in ot
      +                          her blocks
   697                           ;	Table Read Protection bit
   698                           ;	EBTR2 = OFF, Block 2 (004000-005FFFh) is not protected from table reads executed in ot
      +                          her blocks
   699                           ;	Table Read Protection bit
   700                           ;	EBTR3 = OFF, Block 3 (006000-007FFFh) is not protected from table reads executed in ot
      +                          her blocks
   701   30000C                     	org	3145740
   702   30000C  0F                 	db	15
   703                           
   704                           ;Config register CONFIG7H @ 0x30000D
   705                           ;	Boot Block Table Read Protection bit
   706                           ;	EBTRB = OFF, Boot block (000000-0007FFh) is not protected from table reads executed in
      +                           other blocks
   707   30000D                     	org	3145741
   708   30000D  40                 	db	64
   709                           tosu	equ	0xFFF
   710                           tosh	equ	0xFFE
   711                           tosl	equ	0xFFD
   712                           stkptr	equ	0xFFC
   713                           pclatu	equ	0xFFB
   714                           pclath	equ	0xFFA
   715                           pcl	equ	0xFF9
   716                           tblptru	equ	0xFF8
   717                           tblptrh	equ	0xFF7
   718                           tblptrl	equ	0xFF6
   719                           tablat	equ	0xFF5
   720                           prodh	equ	0xFF4
   721                           prodl	equ	0xFF3
   722                           indf0	equ	0xFEF
   723                           postinc0	equ	0xFEE
   724                           postdec0	equ	0xFED
   725                           preinc0	equ	0xFEC
   726                           plusw0	equ	0xFEB
   727                           fsr0h	equ	0xFEA
   728                           fsr0l	equ	0xFE9
   729                           wreg	equ	0xFE8
   730                           indf1	equ	0xFE7
   731                           postinc1	equ	0xFE6
   732                           postdec1	equ	0xFE5
   733                           preinc1	equ	0xFE4
   734                           plusw1	equ	0xFE3
   735                           fsr1h	equ	0xFE2
   736                           fsr1l	equ	0xFE1
   737                           bsr	equ	0xFE0
   738                           indf2	equ	0xFDF
   739                           postinc2	equ	0xFDE
   740                           postdec2	equ	0xFDD
   741                           preinc2	equ	0xFDC
   742                           plusw2	equ	0xFDB
   743                           fsr2h	equ	0xFDA
   744                           fsr2l	equ	0xFD9
   745                           status	equ	0xFD8

Data Sizes:
    Strings     0
    Constant    0
    Data        0
    BSS         0
    Persistent  0
    Stack       0

Auto Spaces:
    Space          Size  Autos    Used
    COMRAM           95      2       2
    BANK0           160      0       0
    BANK1           256      0       0
    BANK2           256      0       0
    BANK3           256      0       0
    BANK4           256      0       0
    BANK5           256      0       0
    BANK6           256      0       0
    BANK7           256      0       0

Pointer List with Targets:

    None.

Critical Paths under _main in COMRAM

    None.

Critical Paths under _main in BANK0

    None.

Critical Paths under _main in BANK1

    None.

Critical Paths under _main in BANK2

    None.

Critical Paths under _main in BANK3

    None.

Critical Paths under _main in BANK4

    None.

Critical Paths under _main in BANK5

    None.

Critical Paths under _main in BANK6

    None.

Critical Paths under _main in BANK7

    None.

Call Graph Tables:

 ---------------------------------------------------------------------------------
 (Depth) Function   	        Calls       Base Space   Used Autos Params    Refs
 ---------------------------------------------------------------------------------
 (0) _main                                                 2     2      0       0
                                              0 COMRAM     2     2      0
 ---------------------------------------------------------------------------------
 Estimated maximum stack depth 0
 ---------------------------------------------------------------------------------

 Call Graph Graphs:

 _main (ROOT)

 Address spaces:
Name               Size   Autos  Total    Cost      Usage
BITCOMRAM           5F      0       0       0        0.0%
EEDATA             100      0       0       0        0.0%
NULL                 0      0       0       0        0.0%
CODE                 0      0       0       0        0.0%
COMRAM              5F      2       2       1        2.1%
STACK                0      0       0       2        0.0%
DATA                 0      0       0       3        0.0%
BITBANK0            A0      0       0       4        0.0%
BANK0               A0      0       0       5        0.0%
BITBANK1           100      0       0       6        0.0%
BANK1              100      0       0       7        0.0%
BITBANK2           100      0       0       8        0.0%
BANK2              100      0       0       9        0.0%
BITBANK3           100      0       0      10        0.0%
BANK3              100      0       0      11        0.0%
BITBANK4           100      0       0      12        0.0%
BANK4              100      0       0      13        0.0%
BITBANK5           100      0       0      14        0.0%
BANK5              100      0       0      15        0.0%
BITBANK6           100      0       0      16        0.0%
BANK6              100      0       0      17        0.0%
BITBANK7           100      0       0      18        0.0%
BANK7              100      0       0      19        0.0%
BITBIGSFRh          3E      0       0      20        0.0%
BITBIGSFRlh         2D      0       0      21        0.0%
BITBIGSFRllh         8      0       0      22        0.0%
BITBIGSFRlll        2A      0       0      23        0.0%
ABS                  0      0       0      24        0.0%
BIGRAM             7FF      0       0      25        0.0%
BIGSFR               0      0       0     200        0.0%
BITSFR               0      0       0     200        0.0%
SFR                  0      0       0     200        0.0%


Microchip Technology PIC18 Macro Assembler V2.40 build 20220703182018 
Symbol Table                                                                                   Thu Feb 01 19:58:04 2024

                     u17 7DE0                       u27 7DF8                       u37 7E10  
                     u47 7E2A                       u57 7E44                       u67 7E5E  
                     u77 7E78                       u87 7E92                       u97 7EAA  
                    l700 7DEE                      l710 7E20                      l702 7E04  
                    l800 7FE2                      l720 7E52                      l712 7E36  
                    l704 7E06                      l730 7E84                      l722 7E54  
                    l714 7E38                      l706 7E1C                      l740 7EB6  
                    l732 7E86                      l724 7E6A                      l716 7E3A  
                    l708 7E1E                      l750 7EE8                      l742 7EB8  
                    l734 7E88                      l726 7E6C                      l718 7E50  
                    l760 7F2E                      l752 7EFE                      l744 7ECE  
                    l736 7E9E                      l728 7E6E                      l770 7F4C  
                    l762 7F30                      l754 7F00                      l746 7ED0  
                    l738 7EA0                      l780 7F7E                      l772 7F62  
                    l764 7F32                      l756 7F16                      l748 7EE6  
                    l692 7DCC                      l790 7FB0                      l782 7F80  
                    l774 7F64                      l766 7F48                      l758 7F18  
                    l694 7DD4                      l792 7FB2                      l784 7F96  
                    l776 7F66                      l768 7F4A                      l696 7DD6  
                    l794 7FC8                      l786 7F98                      l778 7F7C  
                    l698 7DEC                      l796 7FCA                      l788 7F9A  
                    l798 7FE0                      u107 7EC2                      u117 7EDA  
                    u207 7FBC                      u127 7EF2                      u217 7FD4  
                    u137 7F0A                      u227 7FEC                      u147 7F22  
                    u157 7F3C                      u167 7F56                      u177 7F70  
                    u187 7F8A                      u197 7FA4                      wreg 000FE8  
                   _main 7DCC                     start 0000             ___param_bank 000000  
                  ?_main 0001                    _TRISB 000F93          __initialization 7DC6  
           __end_of_main 8000                   ??_main 0001            __activetblptr 000000  
                 _ADCON1 000FC1                   isa$std 000001               __accesstop 0060  
__end_of__initialization 7DC6            ___rparam_used 000001           __pcstackCOMRAM 0001  
                __Hparam 0000                  __Lparam 0000                  __pcinit 7DC6  
                __ramtop 0800                  __ptext0 7DCC     end_of_initialization 7DC6  
    start_initialization 7DC6                 _LATBbits 000F8A                 __Hrparam 0000  
               __Lrparam 0000                 isa$xinst 000000  
